app/build/intermediates/manifest_merge_blame_file/debug/manifest-merger-blame-debug-report.txt
1<?xml version="1.0" encoding="utf-8"?>
2<manifest xmlns:android="http://schemas.android.com/apk/res/android"
3    package="com.rv.qrcodegenerator"
4    android:versionCode="1"
5    android:versionName="1.0" >
6
7    <uses-sdk
8        android:minSdkVersion="24"
9        android:targetSdkVersion="33" />
10
11    <uses-permission android:name="android.permission.CAMERA" /> <!-- Don't require camera, as this requires a rear camera. This allows it to work on the Nexus 7 -->
11-->[com.journeyapps:zxing-android-embedded:4.3.0] AndroidManifest.xml:22:5-65
11-->[com.journeyapps:zxing-android-embedded:4.3.0] AndroidManifest.xml:22:22-62
12    <uses-feature
12-->[com.journeyapps:zxing-android-embedded:4.3.0] AndroidManifest.xml:25:5-27:36
13        android:name="android.hardware.camera"
13-->[com.journeyapps:zxing-android-embedded:4.3.0] AndroidManifest.xml:26:9-47
14        android:required="false" />
14-->[com.journeyapps:zxing-android-embedded:4.3.0] AndroidManifest.xml:27:9-33
15    <uses-feature
15-->[com.journeyapps:zxing-android-embedded:4.3.0] AndroidManifest.xml:28:5-30:36
16        android:name="android.hardware.camera.front"
16-->[com.journeyapps:zxing-android-embedded:4.3.0] AndroidManifest.xml:29:9-53
17        android:required="false" /> <!-- TODO replace above two with next line after Android 4.2 -->
17-->[com.journeyapps:zxing-android-embedded:4.3.0] AndroidManifest.xml:30:9-33
18    <!-- <uses-feature android:name="android.hardware.camera.any"/> -->
19    <uses-feature
19-->[com.journeyapps:zxing-android-embedded:4.3.0] AndroidManifest.xml:33:5-35:36
20        android:name="android.hardware.camera.autofocus"
20-->[com.journeyapps:zxing-android-embedded:4.3.0] AndroidManifest.xml:34:9-57
21        android:required="false" />
21-->[com.journeyapps:zxing-android-embedded:4.3.0] AndroidManifest.xml:35:9-33
22    <uses-feature
22-->[com.journeyapps:zxing-android-embedded:4.3.0] AndroidManifest.xml:36:5-38:36
23        android:name="android.hardware.camera.flash"
23-->[com.journeyapps:zxing-android-embedded:4.3.0] AndroidManifest.xml:37:9-53
24        android:required="false" />
24-->[com.journeyapps:zxing-android-embedded:4.3.0] AndroidManifest.xml:38:9-33
25    <uses-feature
25-->[com.journeyapps:zxing-android-embedded:4.3.0] AndroidManifest.xml:39:5-41:36
26        android:name="android.hardware.screen.landscape"
26-->[com.journeyapps:zxing-android-embedded:4.3.0] AndroidManifest.xml:40:9-57
27        android:required="false" />
27-->[com.journeyapps:zxing-android-embedded:4.3.0] AndroidManifest.xml:41:9-33
28    <uses-feature
28-->[com.journeyapps:zxing-android-embedded:4.3.0] AndroidManifest.xml:42:5-44:36
29        android:name="android.hardware.wifi"
29-->[com.journeyapps:zxing-android-embedded:4.3.0] AndroidManifest.xml:43:9-45
30        android:required="false" />
30-->[com.journeyapps:zxing-android-embedded:4.3.0] AndroidManifest.xml:44:9-33
31
32    <permission
32-->[androidx.core:core:1.9.0] AndroidManifest.xml:22:5-24:47
33        android:name="com.rv.qrcodegenerator.DYNAMIC_RECEIVER_NOT_EXPORTED_PERMISSION"
33-->[androidx.core:core:1.9.0] AndroidManifest.xml:23:9-81
34        android:protectionLevel="signature" />
34-->[androidx.core:core:1.9.0] AndroidManifest.xml:24:9-44
35
36    <uses-permission android:name="com.rv.qrcodegenerator.DYNAMIC_RECEIVER_NOT_EXPORTED_PERMISSION" />
36-->[androidx.core:core:1.9.0] AndroidManifest.xml:26:5-97
36-->[androidx.core:core:1.9.0] AndroidManifest.xml:26:22-94
37
38    <application
38-->src\main\AndroidManifest.xml:5:5-24:19
39        android:allowBackup="true"
39-->src\main\AndroidManifest.xml:6:9-35
40        android:appComponentFactory="androidx.core.app.CoreComponentFactory"
40-->[androidx.core:core:1.9.0] AndroidManifest.xml:28:18-86
41        android:dataExtractionRules="@xml/data_extraction_rules"
41-->src\main\AndroidManifest.xml:7:9-65
42        android:debuggable="true"
43        android:extractNativeLibs="false"
44        android:fullBackupContent="@xml/backup_rules"
44-->src\main\AndroidManifest.xml:8:9-54
45        android:icon="@mipmap/ic_launcher"
45-->src\main\AndroidManifest.xml:9:9-43
46        android:label="@string/app_name"
46-->src\main\AndroidManifest.xml:10:9-41
47        android:roundIcon="@mipmap/ic_launcher_round"
47-->src\main\AndroidManifest.xml:11:9-54
48        android:supportsRtl="true"
48-->src\main\AndroidManifest.xml:12:9-35
49        android:theme="@style/Theme.QRCodeGenerator" >
49-->src\main\AndroidManifest.xml:13:9-53
50        <activity
50-->src\main\AndroidManifest.xml:15:9-23:20
51            android:name="com.rv.qrcodegenerator.MainActivity"
51-->src\main\AndroidManifest.xml:16:13-41
52            android:exported="true" >
52-->src\main\AndroidManifest.xml:17:13-36
53            <intent-filter>
53-->src\main\AndroidManifest.xml:18:13-22:29
54                <action android:name="android.intent.action.MAIN" />
54-->src\main\AndroidManifest.xml:19:17-69
54-->src\main\AndroidManifest.xml:19:25-66
55
56                <category android:name="android.intent.category.LAUNCHER" />
56-->src\main\AndroidManifest.xml:21:17-77
56-->src\main\AndroidManifest.xml:21:27-74
57            </intent-filter>
58        </activity>
59        <activity
59-->[com.journeyapps:zxing-android-embedded:4.3.0] AndroidManifest.xml:47:9-53:63
60            android:name="com.journeyapps.barcodescanner.CaptureActivity"
60-->[com.journeyapps:zxing-android-embedded:4.3.0] AndroidManifest.xml:48:13-74
61            android:clearTaskOnLaunch="true"
61-->[com.journeyapps:zxing-android-embedded:4.3.0] AndroidManifest.xml:49:13-45
62            android:screenOrientation="sensorLandscape"
62-->[com.journeyapps:zxing-android-embedded:4.3.0] AndroidManifest.xml:50:13-56
63            android:stateNotNeeded="true"
63-->[com.journeyapps:zxing-android-embedded:4.3.0] AndroidManifest.xml:51:13-42
64            android:theme="@style/zxing_CaptureTheme"
64-->[com.journeyapps:zxing-android-embedded:4.3.0] AndroidManifest.xml:52:13-54
65            android:windowSoftInputMode="stateAlwaysHidden" />
65-->[com.journeyapps:zxing-android-embedded:4.3.0] AndroidManifest.xml:53:13-60
66
67        <provider
67-->[androidx.emoji2:emoji2:1.2.0] AndroidManifest.xml:24:9-32:20
68            android:name="androidx.startup.InitializationProvider"
68-->[androidx.emoji2:emoji2:1.2.0] AndroidManifest.xml:25:13-67
69            android:authorities="com.rv.qrcodegenerator.androidx-startup"
69-->[androidx.emoji2:emoji2:1.2.0] AndroidManifest.xml:26:13-68
70            android:exported="false" >
70-->[androidx.emoji2:emoji2:1.2.0] AndroidManifest.xml:27:13-37
71            <meta-data
71-->[androidx.emoji2:emoji2:1.2.0] AndroidManifest.xml:29:13-31:52
72                android:name="androidx.emoji2.text.EmojiCompatInitializer"
72-->[androidx.emoji2:emoji2:1.2.0] AndroidManifest.xml:30:17-75
73                android:value="androidx.startup" />
73-->[androidx.emoji2:emoji2:1.2.0] AndroidManifest.xml:31:17-49
74            <meta-data
74-->[androidx.lifecycle:lifecycle-process:2.4.1] AndroidManifest.xml:31:13-33:52
75                android:name="androidx.lifecycle.ProcessLifecycleInitializer"
75-->[androidx.lifecycle:lifecycle-process:2.4.1] AndroidManifest.xml:32:17-78
76                android:value="androidx.startup" />
76-->[androidx.lifecycle:lifecycle-process:2.4.1] AndroidManifest.xml:33:17-49
77        </provider>
78    </application>
79
80</manifest>